{"uid":"381a47c0b3989b21","name":"test_add_user","fullName":"seleniumbasicspytest.webautomation_test#test_add_user","historyId":"11f8f93658347bb46a47a4b1314bc9cb","time":{"start":1733131892433,"stop":1733132077682,"duration":185249},"status":"passed","flaky":false,"newFailed":false,"newBroken":false,"newPassed":false,"retriesCount":9,"retriesStatusChange":true,"beforeStages":[{"name":"driver","time":{"start":1733131459227,"stop":1733131462596,"duration":3369},"status":"passed","steps":[],"attachments":[],"parameters":[],"hasContent":false,"attachmentStep":false,"stepsCount":0,"shouldDisplayMessage":false,"attachmentsCount":0},{"name":"config","time":{"start":1733131462596,"stop":1733131462597,"duration":1},"status":"passed","steps":[],"attachments":[],"parameters":[],"hasContent":false,"attachmentStep":false,"stepsCount":0,"shouldDisplayMessage":false,"attachmentsCount":0}],"afterStages":[{"name":"driver::0","time":{"start":1733132077685,"stop":1733132079894,"duration":2209},"status":"passed","steps":[],"attachments":[],"parameters":[],"hasContent":false,"attachmentStep":false,"stepsCount":0,"shouldDisplayMessage":false,"attachmentsCount":0}],"labels":[{"name":"parentSuite","value":"seleniumbasicspytest"},{"name":"suite","value":"webautomation_test"},{"name":"host","value":"DESKTOP-1L8REDS"},{"name":"thread","value":"16544-MainThread"},{"name":"framework","value":"pytest"},{"name":"language","value":"cpython3"},{"name":"package","value":"seleniumbasicspytest.webautomation_test"},{"name":"resultFormat","value":"allure2"}],"parameters":[],"links":[],"hidden":false,"retry":false,"extra":{"severity":"normal","retries":[{"uid":"57c27569e71591ee","status":"passed","time":{"start":1732882773810,"stop":1732882972359,"duration":198549}},{"uid":"95938e5b74a14e81","status":"broken","statusDetails":"selenium.common.exceptions.NoSuchElementException: Message: no such element: Unable to locate element: {\"method\":\"xpath\",\"selector\":\"//input[@id='org_id']\"}\n  (Session info: chrome=131.0.6778.86); For documentation on this error, please visit: https://www.selenium.dev/documentation/webdriver/troubleshooting/errors#no-such-element-exception\nStacktrace:\n\tGetHandleVerifier [0x00B633E3+25059]\n\t(No symbol) [0x00AECDE4]\n\t(No symbol) [0x009CBEC3]\n\t(No symbol) [0x00A0FD86]\n\t(No symbol) [0x00A0FFCB]\n\t(No symbol) [0x00A4D952]\n\t(No symbol) [0x00A31F44]\n\t(No symbol) [0x00A4B51E]\n\t(No symbol) [0x00A31C96]\n\t(No symbol) [0x00A03FAC]\n\t(No symbol) [0x00A04F3D]\n\tGetHandleVerifier [0x00E55543+3113795]\n\tGetHandleVerifier [0x00E6A20A+3198986]\n\tGetHandleVerifier [0x00E629E2+3168226]\n\tGetHandleVerifier [0x00C03250+680016]\n\t(No symbol) [0x00AF572D]\n\t(No symbol) [0x00AF29D8]\n\t(No symbol) [0x00AF2B75]\n\t(No symbol) [0x00AE57D0]\n\tBaseThreadInitThunk [0x7714FCC9+25]\n\tRtlGetAppContainerNamedObjectPath [0x7786809E+286]\n\tRtlGetAppContainerNamedObjectPath [0x7786806E+238]","time":{"start":1732882127612,"stop":1732882152695,"duration":25083}},{"uid":"6dc36abb5513dc62","status":"broken","statusDetails":"selenium.common.exceptions.NoSuchElementException: Message: no such element: Unable to locate element: {\"method\":\"xpath\",\"selector\":\"//button[normalize-space()='OKAY']\"}\n  (Session info: chrome=131.0.6778.86); For documentation on this error, please visit: https://www.selenium.dev/documentation/webdriver/troubleshooting/errors#no-such-element-exception\nStacktrace:\n\tGetHandleVerifier [0x00B633E3+25059]\n\t(No symbol) [0x00AECDE4]\n\t(No symbol) [0x009CBEC3]\n\t(No symbol) [0x00A0FD86]\n\t(No symbol) [0x00A0FFCB]\n\t(No symbol) [0x00A4D952]\n\t(No symbol) [0x00A31F44]\n\t(No symbol) [0x00A4B51E]\n\t(No symbol) [0x00A31C96]\n\t(No symbol) [0x00A03FAC]\n\t(No symbol) [0x00A04F3D]\n\tGetHandleVerifier [0x00E55543+3113795]\n\tGetHandleVerifier [0x00E6A20A+3198986]\n\tGetHandleVerifier [0x00E629E2+3168226]\n\tGetHandleVerifier [0x00C03250+680016]\n\t(No symbol) [0x00AF572D]\n\t(No symbol) [0x00AF29D8]\n\t(No symbol) [0x00AF2B75]\n\t(No symbol) [0x00AE57D0]\n\tBaseThreadInitThunk [0x7714FCC9+25]\n\tRtlGetAppContainerNamedObjectPath [0x7786809E+286]\n\tRtlGetAppContainerNamedObjectPath [0x7786806E+238]","time":{"start":1732881665812,"stop":1732881833297,"duration":167485}},{"uid":"60d0d6627e63c573","status":"passed","time":{"start":1732880260962,"stop":1732880446992,"duration":186030}},{"uid":"53c259dff30605bc","status":"passed","time":{"start":1732857493542,"stop":1732857683886,"duration":190344}},{"uid":"903f6fb44b1b31f7","status":"broken","statusDetails":"selenium.common.exceptions.NoSuchWindowException: Message: no such window: target window already closed\nfrom unknown error: web view not found\n  (Session info: chrome=131.0.6778.86)\nStacktrace:\n\tGetHandleVerifier [0x007133E3+25059]\n\t(No symbol) [0x0069CDE4]\n\t(No symbol) [0x0057BEC3]\n\t(No symbol) [0x0055D93B]\n\t(No symbol) [0x005E800F]\n\t(No symbol) [0x005FAE49]\n\t(No symbol) [0x005E1C96]\n\t(No symbol) [0x005B3FAC]\n\t(No symbol) [0x005B4F3D]\n\tGetHandleVerifier [0x00A05543+3113795]\n\tGetHandleVerifier [0x00A1A20A+3198986]\n\tGetHandleVerifier [0x00A129E2+3168226]\n\tGetHandleVerifier [0x007B3250+680016]\n\t(No symbol) [0x006A572D]\n\t(No symbol) [0x006A29D8]\n\t(No symbol) [0x006A2B75]\n\t(No symbol) [0x006957D0]\n\tBaseThreadInitThunk [0x7714FCC9+25]\n\tRtlGetAppContainerNamedObjectPath [0x7786809E+286]\n\tRtlGetAppContainerNamedObjectPath [0x7786806E+238]","time":{"start":1732856996663,"stop":1732856996665,"duration":2}},{"uid":"d1d94d1e04b19061","status":"broken","statusDetails":"selenium.common.exceptions.NoSuchElementException: Message: no such element: Unable to locate element: {\"method\":\"xpath\",\"selector\":\"//input[@id='org_id']\"}\n  (Session info: chrome=131.0.6778.86); For documentation on this error, please visit: https://www.selenium.dev/documentation/webdriver/troubleshooting/errors#no-such-element-exception\nStacktrace:\n\tGetHandleVerifier [0x007133E3+25059]\n\t(No symbol) [0x0069CDE4]\n\t(No symbol) [0x0057BEC3]\n\t(No symbol) [0x005BFD86]\n\t(No symbol) [0x005BFFCB]\n\t(No symbol) [0x005FD952]\n\t(No symbol) [0x005E1F44]\n\t(No symbol) [0x005FB51E]\n\t(No symbol) [0x005E1C96]\n\t(No symbol) [0x005B3FAC]\n\t(No symbol) [0x005B4F3D]\n\tGetHandleVerifier [0x00A05543+3113795]\n\tGetHandleVerifier [0x00A1A20A+3198986]\n\tGetHandleVerifier [0x00A129E2+3168226]\n\tGetHandleVerifier [0x007B3250+680016]\n\t(No symbol) [0x006A572D]\n\t(No symbol) [0x006A29D8]\n\t(No symbol) [0x006A2B75]\n\t(No symbol) [0x006957D0]\n\tBaseThreadInitThunk [0x7714FCC9+25]\n\tRtlGetAppContainerNamedObjectPath [0x7786809E+286]\n\tRtlGetAppContainerNamedObjectPath [0x7786806E+238]","time":{"start":1732856851418,"stop":1732856876576,"duration":25158}},{"uid":"8826ca8ef4d29a11","status":"broken","statusDetails":"selenium.common.exceptions.NoSuchElementException: Message: no such element: Unable to locate element: {\"method\":\"xpath\",\"selector\":\"//input[@id='org_id']\"}\n  (Session info: chrome=131.0.6778.86); For documentation on this error, please visit: https://www.selenium.dev/documentation/webdriver/troubleshooting/errors#no-such-element-exception\nStacktrace:\n\tGetHandleVerifier [0x007133E3+25059]\n\t(No symbol) [0x0069CDE4]\n\t(No symbol) [0x0057BEC3]\n\t(No symbol) [0x005BFD86]\n\t(No symbol) [0x005BFFCB]\n\t(No symbol) [0x005FD952]\n\t(No symbol) [0x005E1F44]\n\t(No symbol) [0x005FB51E]\n\t(No symbol) [0x005E1C96]\n\t(No symbol) [0x005B3FAC]\n\t(No symbol) [0x005B4F3D]\n\tGetHandleVerifier [0x00A05543+3113795]\n\tGetHandleVerifier [0x00A1A20A+3198986]\n\tGetHandleVerifier [0x00A129E2+3168226]\n\tGetHandleVerifier [0x007B3250+680016]\n\t(No symbol) [0x006A572D]\n\t(No symbol) [0x006A29D8]\n\t(No symbol) [0x006A2B75]\n\t(No symbol) [0x006957D0]\n\tBaseThreadInitThunk [0x7714FCC9+25]\n\tRtlGetAppContainerNamedObjectPath [0x7786809E+286]\n\tRtlGetAppContainerNamedObjectPath [0x7786806E+238]","time":{"start":1732856294553,"stop":1732856304656,"duration":10103}},{"uid":"f6b5b40cd90a3199","status":"broken","statusDetails":"configparser.NoSectionError: No section: 'detail'","time":{"start":1732855575656,"stop":1732855575656,"duration":0}}],"categories":[],"tags":[]},"source":"381a47c0b3989b21.json","parameterValues":[]}