{"uid":"757dfa37706b3cd8","name":"test_settings","fullName":"seleniumbasicspytest.webautomation_test#test_settings","historyId":"d6f47a22df426a5ef0f79e3fc0fad2a8","time":{"start":1733131714259,"stop":1733131892430,"duration":178171},"status":"passed","flaky":false,"newFailed":false,"newBroken":false,"newPassed":false,"retriesCount":9,"retriesStatusChange":true,"beforeStages":[{"name":"driver","time":{"start":1733131459227,"stop":1733131462596,"duration":3369},"status":"passed","steps":[],"attachments":[],"parameters":[],"hasContent":false,"attachmentStep":false,"stepsCount":0,"shouldDisplayMessage":false,"attachmentsCount":0},{"name":"config","time":{"start":1733131462596,"stop":1733131462597,"duration":1},"status":"passed","steps":[],"attachments":[],"parameters":[],"hasContent":false,"attachmentStep":false,"stepsCount":0,"shouldDisplayMessage":false,"attachmentsCount":0}],"afterStages":[{"name":"driver::0","time":{"start":1733132077685,"stop":1733132079894,"duration":2209},"status":"passed","steps":[],"attachments":[],"parameters":[],"hasContent":false,"attachmentStep":false,"stepsCount":0,"shouldDisplayMessage":false,"attachmentsCount":0}],"labels":[{"name":"parentSuite","value":"seleniumbasicspytest"},{"name":"suite","value":"webautomation_test"},{"name":"host","value":"DESKTOP-1L8REDS"},{"name":"thread","value":"16544-MainThread"},{"name":"framework","value":"pytest"},{"name":"language","value":"cpython3"},{"name":"package","value":"seleniumbasicspytest.webautomation_test"},{"name":"resultFormat","value":"allure2"}],"parameters":[],"links":[],"hidden":false,"retry":false,"extra":{"severity":"normal","retries":[{"uid":"e501c85907574f90","status":"passed","time":{"start":1732882593665,"stop":1732882773806,"duration":180141}},{"uid":"d34db6bbc9ba26b6","status":"broken","statusDetails":"selenium.common.exceptions.NoSuchElementException: Message: no such element: Unable to locate element: {\"method\":\"xpath\",\"selector\":\"//input[@id='org_id']\"}\n  (Session info: chrome=131.0.6778.86); For documentation on this error, please visit: https://www.selenium.dev/documentation/webdriver/troubleshooting/errors#no-such-element-exception\nStacktrace:\n\tGetHandleVerifier [0x00B633E3+25059]\n\t(No symbol) [0x00AECDE4]\n\t(No symbol) [0x009CBEC3]\n\t(No symbol) [0x00A0FD86]\n\t(No symbol) [0x00A0FFCB]\n\t(No symbol) [0x00A4D952]\n\t(No symbol) [0x00A31F44]\n\t(No symbol) [0x00A4B51E]\n\t(No symbol) [0x00A31C96]\n\t(No symbol) [0x00A03FAC]\n\t(No symbol) [0x00A04F3D]\n\tGetHandleVerifier [0x00E55543+3113795]\n\tGetHandleVerifier [0x00E6A20A+3198986]\n\tGetHandleVerifier [0x00E629E2+3168226]\n\tGetHandleVerifier [0x00C03250+680016]\n\t(No symbol) [0x00AF572D]\n\t(No symbol) [0x00AF29D8]\n\t(No symbol) [0x00AF2B75]\n\t(No symbol) [0x00AE57D0]\n\tBaseThreadInitThunk [0x7714FCC9+25]\n\tRtlGetAppContainerNamedObjectPath [0x7786809E+286]\n\tRtlGetAppContainerNamedObjectPath [0x7786806E+238]","time":{"start":1732882112314,"stop":1732882127535,"duration":15221}},{"uid":"6eada8444bd1c19b","status":"passed","time":{"start":1732881485640,"stop":1732881665802,"duration":180162}},{"uid":"d221ef6744aa9477","status":"passed","time":{"start":1732880082681,"stop":1732880260954,"duration":178273}},{"uid":"466c186e765cb4ef","status":"passed","time":{"start":1732857312197,"stop":1732857493534,"duration":181337}},{"uid":"e1c3638a3f3ca410","status":"broken","statusDetails":"selenium.common.exceptions.NoSuchWindowException: Message: no such window: target window already closed\nfrom unknown error: web view not found\n  (Session info: chrome=131.0.6778.86)\nStacktrace:\n\tGetHandleVerifier [0x007133E3+25059]\n\t(No symbol) [0x0069CDE4]\n\t(No symbol) [0x0057BEC3]\n\t(No symbol) [0x0055D93B]\n\t(No symbol) [0x005E800F]\n\t(No symbol) [0x005FAE49]\n\t(No symbol) [0x005E1C96]\n\t(No symbol) [0x005B3FAC]\n\t(No symbol) [0x005B4F3D]\n\tGetHandleVerifier [0x00A05543+3113795]\n\tGetHandleVerifier [0x00A1A20A+3198986]\n\tGetHandleVerifier [0x00A129E2+3168226]\n\tGetHandleVerifier [0x007B3250+680016]\n\t(No symbol) [0x006A572D]\n\t(No symbol) [0x006A29D8]\n\t(No symbol) [0x006A2B75]\n\t(No symbol) [0x006957D0]\n\tBaseThreadInitThunk [0x7714FCC9+25]\n\tRtlGetAppContainerNamedObjectPath [0x7786809E+286]\n\tRtlGetAppContainerNamedObjectPath [0x7786806E+238]","time":{"start":1732856996624,"stop":1732856996626,"duration":2}},{"uid":"657190806e799f61","status":"broken","statusDetails":"selenium.common.exceptions.NoSuchElementException: Message: no such element: Unable to locate element: {\"method\":\"xpath\",\"selector\":\"//input[@id='org_id']\"}\n  (Session info: chrome=131.0.6778.86); For documentation on this error, please visit: https://www.selenium.dev/documentation/webdriver/troubleshooting/errors#no-such-element-exception\nStacktrace:\n\tGetHandleVerifier [0x007133E3+25059]\n\t(No symbol) [0x0069CDE4]\n\t(No symbol) [0x0057BEC3]\n\t(No symbol) [0x005BFD86]\n\t(No symbol) [0x005BFFCB]\n\t(No symbol) [0x005FD952]\n\t(No symbol) [0x005E1F44]\n\t(No symbol) [0x005FB51E]\n\t(No symbol) [0x005E1C96]\n\t(No symbol) [0x005B3FAC]\n\t(No symbol) [0x005B4F3D]\n\tGetHandleVerifier [0x00A05543+3113795]\n\tGetHandleVerifier [0x00A1A20A+3198986]\n\tGetHandleVerifier [0x00A129E2+3168226]\n\tGetHandleVerifier [0x007B3250+680016]\n\t(No symbol) [0x006A572D]\n\t(No symbol) [0x006A29D8]\n\t(No symbol) [0x006A2B75]\n\t(No symbol) [0x006957D0]\n\tBaseThreadInitThunk [0x7714FCC9+25]\n\tRtlGetAppContainerNamedObjectPath [0x7786809E+286]\n\tRtlGetAppContainerNamedObjectPath [0x7786806E+238]","time":{"start":1732856836186,"stop":1732856851331,"duration":15145}},{"uid":"6516bab8d5b12649","status":"passed","time":{"start":1732856118222,"stop":1732856294531,"duration":176309}},{"uid":"c5d1ffa30bad10a","status":"broken","statusDetails":"configparser.NoSectionError: No section: 'detail'","time":{"start":1732855575567,"stop":1732855575567,"duration":0}}],"categories":[],"tags":[]},"source":"757dfa37706b3cd8.json","parameterValues":[]}